0 info it worked if it ends with ok
1 verbose cli [ '/Users/ryosuzuki/.nodebrew/node/v0.10.35/bin/node',
1 verbose cli   '/Users/ryosuzuki/.nodebrew/current/bin/npm',
1 verbose cli   'install',
1 verbose cli   '/tmp/pty.js' ]
2 info using npm@1.4.28
3 info using node@v0.10.35
4 warn package.json express-app@0.0.1 No description
5 warn package.json express-app@0.0.1 No repository field.
6 warn package.json express-app@0.0.1 No README data
7 verbose readDependencies using package.json deps
8 verbose cache add [ '/tmp/pty.js', null ]
9 verbose cache add name=undefined spec="/tmp/pty.js" args=["/tmp/pty.js",null]
10 verbose parsed url { protocol: null,
10 verbose parsed url   slashes: null,
10 verbose parsed url   auth: null,
10 verbose parsed url   host: null,
10 verbose parsed url   port: null,
10 verbose parsed url   hostname: null,
10 verbose parsed url   hash: null,
10 verbose parsed url   search: null,
10 verbose parsed url   query: null,
10 verbose parsed url   pathname: '/tmp/pty.js',
10 verbose parsed url   path: '/tmp/pty.js',
10 verbose parsed url   href: '/tmp/pty.js' }
11 silly lockFile 1bc469e1-tmp-pty-js /tmp/pty.js
12 verbose lock /tmp/pty.js /Users/ryosuzuki/.npm/1bc469e1-tmp-pty-js.lock
13 silly lockFile 1bc469e1-tmp-pty-js /tmp/pty.js
14 silly lockFile 1bc469e1-tmp-pty-js /tmp/pty.js
15 error addLocal Could not install /tmp/pty.js
16 error Error: ENOENT, stat '/tmp/pty.js'
17 error If you need help, you may report this *entire* log,
17 error including the npm and node versions, at:
17 error     <http://github.com/npm/npm/issues>
18 error System Darwin 14.0.0
19 error command "/Users/ryosuzuki/.nodebrew/node/v0.10.35/bin/node" "/Users/ryosuzuki/.nodebrew/current/bin/npm" "install" "/tmp/pty.js"
20 error cwd /Users/ryosuzuki/Documents/node/express-app
21 error node -v v0.10.35
22 error npm -v 1.4.28
23 error path /tmp/pty.js
24 error code ENOENT
25 error errno 34
26 verbose exit [ 34, true ]
